Flow report for al422_bam
Thu Jan 11 16:31:02 2018
Quartus II 64-Bit Version 13.0.1 Build 232 06/12/2013 Service Pack 1 SJ Web Edition


---------------------
; Table of Contents ;
---------------------
  1. Legal Notice
  2. Flow Summary
  3. Flow Settings
  4. Flow Non-Default Global Settings
  5. Flow Elapsed Time
  6. Flow OS Summary
  7. Flow Log
  8. Flow Messages
  9. Flow Suppressed Messages



----------------
; Legal Notice ;
----------------
Copyright (C) 1991-2013 Altera Corporation
Your use of Altera Corporation's design tools, logic functions 
and other software and tools, and its AMPP partner logic 
functions, and any output files from any of the foregoing 
(including device programming or simulation files), and any 
associated documentation or information are expressly subject 
to the terms and conditions of the Altera Program License 
Subscription Agreement, Altera MegaCore Function License 
Agreement, or other applicable license agreement, including, 
without limitation, that your use is for the sole purpose of 
programming logic devices manufactured by Altera and sold by 
Altera or its authorized distributors.  Please refer to the 
applicable agreement for further details.



+-----------------------------------------------------------------------------+
; Flow Summary                                                                ;
+---------------------------+-------------------------------------------------+
; Flow Status               ; Successful - Thu Jan 11 16:31:02 2018           ;
; Quartus II 64-Bit Version ; 13.0.1 Build 232 06/12/2013 SP 1 SJ Web Edition ;
; Revision Name             ; al422_bam                                       ;
; Top-level Entity Name     ; al422_bam                                       ;
; Family                    ; MAX3000A                                        ;
; Device                    ; EPM3064ATC44-10                                 ;
; Timing Models             ; Final                                           ;
; Total macrocells          ; 63 / 64 ( 98 % )                                ;
; Total pins                ; 30 / 34 ( 88 % )                                ;
+---------------------------+-------------------------------------------------+


+-----------------------------------------+
; Flow Settings                           ;
+-------------------+---------------------+
; Option            ; Setting             ;
+-------------------+---------------------+
; Start date & time ; 01/11/2018 16:30:53 ;
; Main task         ; Compilation         ;
; Revision Name     ; al422_bam           ;
+-------------------+---------------------+


+------------------------------------------------------------------------------------------------------------------------+
; Flow Non-Default Global Settings                                                                                       ;
+--------------------------------------+-------------------------------+---------------+-------------+-------------------+
; Assignment Name                      ; Value                         ; Default Value ; Entity Name ; Section Id        ;
+--------------------------------------+-------------------------------+---------------+-------------+-------------------+
; COMPILER_SIGNATURE_ID                ; 1097448223565.151567745312208 ; --            ; --          ; --                ;
; EDA_DESIGN_INSTANCE_NAME             ; NA                            ; --            ; --          ; al422_bam_vlg_tst ;
; EDA_NATIVELINK_SIMULATION_TEST_BENCH ; al422_bam_vlg_tst             ; --            ; --          ; eda_simulation    ;
; EDA_OUTPUT_DATA_FORMAT               ; Verilog Hdl                   ; --            ; --          ; eda_simulation    ;
; EDA_SIMULATION_TOOL                  ; ModelSim-Altera (Verilog)     ; <None>        ; --          ; --                ;
; EDA_TEST_BENCH_ENABLE_STATUS         ; TEST_BENCH_MODE               ; --            ; --          ; eda_simulation    ;
; EDA_TEST_BENCH_FILE                  ; al422_bam_tb.v                ; --            ; --          ; al422_bam_vlg_tst ;
; EDA_TEST_BENCH_MODULE_NAME           ; al422_bam_vlg_tst             ; --            ; --          ; al422_bam_vlg_tst ;
; EDA_TEST_BENCH_NAME                  ; al422_bam_vlg_tst             ; --            ; --          ; eda_simulation    ;
; EDA_TIME_SCALE                       ; 1 ps                          ; --            ; --          ; eda_simulation    ;
; MAX_CORE_JUNCTION_TEMP               ; 85                            ; --            ; --          ; --                ;
; MIN_CORE_JUNCTION_TEMP               ; 0                             ; --            ; --          ; --                ;
; PROJECT_OUTPUT_DIRECTORY             ; output_files                  ; --            ; --          ; --                ;
+--------------------------------------+-------------------------------+---------------+-------------+-------------------+


+-------------------------------------------------------------------------------------------------------------------------------+
; Flow Elapsed Time                                                                                                             ;
+---------------------------+--------------+-------------------------+---------------------+------------------------------------+
; Module Name               ; Elapsed Time ; Average Processors Used ; Peak Virtual Memory ; Total CPU Time (on all processors) ;
+---------------------------+--------------+-------------------------+---------------------+------------------------------------+
; Analysis & Synthesis      ; 00:00:02     ; 1.0                     ; 413 MB              ; 00:00:02                           ;
; Fitter                    ; 00:00:01     ; 1.0                     ; 455 MB              ; 00:00:01                           ;
; Assembler                 ; 00:00:01     ; 1.0                     ; 371 MB              ; 00:00:01                           ;
; TimeQuest Timing Analyzer ; 00:00:01     ; 1.0                     ; 351 MB              ; 00:00:01                           ;
; EDA Netlist Writer        ; 00:00:01     ; 1.0                     ; 343 MB              ; 00:00:00                           ;
; Total                     ; 00:00:06     ; --                      ; --                  ; 00:00:05                           ;
+---------------------------+--------------+-------------------------+---------------------+------------------------------------+


+----------------------------------------------------------------------------------------+
; Flow OS Summary                                                                        ;
+---------------------------+------------------+-----------+------------+----------------+
; Module Name               ; Machine Hostname ; OS Name   ; OS Version ; Processor type ;
+---------------------------+------------------+-----------+------------+----------------+
; Analysis & Synthesis      ; korobeynikov     ; Windows 7 ; 6.1        ; x86_64         ;
; Fitter                    ; korobeynikov     ; Windows 7 ; 6.1        ; x86_64         ;
; Assembler                 ; korobeynikov     ; Windows 7 ; 6.1        ; x86_64         ;
; TimeQuest Timing Analyzer ; korobeynikov     ; Windows 7 ; 6.1        ; x86_64         ;
; EDA Netlist Writer        ; korobeynikov     ; Windows 7 ; 6.1        ; x86_64         ;
+---------------------------+------------------+-----------+------------+----------------+


------------
; Flow Log ;
------------
quartus_map --read_settings_files=on --write_settings_files=off al422_bam -c al422_bam
quartus_fit --read_settings_files=off --write_settings_files=off al422_bam -c al422_bam
quartus_asm --read_settings_files=off --write_settings_files=off al422_bam -c al422_bam
quartus_sta al422_bam -c al422_bam
quartus_eda --read_settings_files=off --write_settings_files=off al422_bam -c al422_bam



